<?xml version="1.0" encoding="UTF-8"?>
<!-- Generated by org.testng.reporters.JUnitReportReporter -->
<testsuite skipped="0" hostname="DESKTOP-0SSL50Q" name="pageobjectstests.HomePageTest" tests="1" failures="0" timestamp="05 Mar 2022 19:59:13 GMT" time="8.472" errors="0">
  <testcase name="searchTest" time="8.472" classname="pageobjectstests.HomePageTest"/>
</testsuite> <!-- pageobjectstests.HomePageTest -->
