<?xml version="1.0" encoding="UTF-8"?>
<!-- Generated by org.testng.reporters.JUnitReportReporter -->
<testsuite skipped="0" hostname="DESKTOP-0SSL50Q" name="pageobjectstests.HomePageTest" tests="1" failures="0" timestamp="07 Mar 2022 21:46:34 GMT" time="9.580" errors="0">
  <testcase name="searchTest" time="9.580" classname="pageobjectstests.HomePageTest"/>
</testsuite> <!-- pageobjectstests.HomePageTest -->
